<?xml version="1.0" encoding="UTF-8"?>
<!-- Generated by org.testng.reporters.JUnitXMLReporter -->
<testsuite hostname="MX-IT00714" ignored="0" name="my first test" tests="1" failures="1" timestamp="13 nov 2017 23:39:13 GMT" time="25.599" errors="0">
  <testcase name="testMenu" time="15.268" classname="com.globantu.automation.jose_colin.TestTravelocity">
    <failure type="org.openqa.selenium.WebDriverException" message="unknown error: Element &amp;lt;button type=&amp;quot;button&amp;quot; class=&amp;quot;btn-secondary btn-action t-select-btn&amp;quot; data-test-id=&amp;quot;select-button&amp;quot; data-bargain-fare=&amp;quot;false&amp;quot; data-click-handler=&amp;quot;select-flight,omnitureClickHandler&amp;quot; data-prevent-expand=&amp;quot;true&amp;quot; data-omniture-rfrr=&amp;quot;Select.Offer8.BestValue&amp;quot; data-trip-id=&amp;quot;2018-04-01t06:30:00-07:00-coach-las-lax-ua-324;2018-05-01t22:40:00-07:00-coach-lax-las-aa-354;&amp;quot; data-offer-index=&amp;quot;&amp;quot; data-has-fare=&amp;quot;true&amp;quot; data-leg-indexes=&amp;quot;4,5&amp;quot; data-superlatives=&amp;quot;BV,ST&amp;quot; data-outbound-airlinecodes=&amp;quot;UA&amp;quot; data-inbound-airlinecodes=&amp;quot;&amp;quot; data-is-cached=&amp;quot;false&amp;quot; data-result-token=&amp;quot;v5-db0dd6c946551da7bb2edf8b255243a5&amp;quot; data-air-provider-id=&amp;quot;2&amp;quot; data-flight-fare-type-code=&amp;quot;P&amp;quot; data-flight-fare-type-value=&amp;quot;1&amp;quot; data-is-split-ticket=&amp;quot;true&amp;quot; data-discount=&amp;quot;0&amp;quot; data-is-packageable=&amp;quot;true&amp;quot; data-leg0-natural-key=&amp;quot;633696b176c91264cbf6271d24915fc6&amp;quot;&amp;gt;...&amp;lt;/button&amp;gt; is not clickable at point (957, 573). Other element would receive the click: &amp;lt;div class=&amp;quot;flex-area-primary&amp;quot;&amp;gt;...&amp;lt;/div&amp;gt;
  (Session info: chrome=62.0.3202.89)
  (Driver info: chromedriver=2.33.506120 (e3e53437346286c0bc2d2dc9aa4915ba81d9023f),platform=Windows NT 10.0.16299 x86_64) (WARNING: The server did not provide any stacktrace information)
Command duration or timeout: 0 milliseconds
Build info: version: &amp;apos;3.7.1&amp;apos;, revision: &amp;apos;8a0099a&amp;apos;, time: &amp;apos;2017-11-06T21:01:39.354Z&amp;apos;
System info: host: &amp;apos;MX-IT00714&amp;apos;, ip: &amp;apos;10.230.10.60&amp;apos;, os.name: &amp;apos;Windows 10&amp;apos;, os.arch: &amp;apos;amd64&amp;apos;, os.version: &amp;apos;10.0&amp;apos;, java.version: &amp;apos;1.8.0_151&amp;apos;
Driver info: org.openqa.selenium.chrome.ChromeDriver
Capabilities {acceptSslCerts: true, applicationCacheEnabled: false, browserConnectionEnabled: false, browserName: chrome, chrome: {chromedriverVersion: 2.33.506120 (e3e53437346286..., userDataDir: C:\Users\JOSE~1.COL\AppData...}, cssSelectorsEnabled: true, databaseEnabled: false, handlesAlerts: true, hasTouchScreen: false, javascriptEnabled: true, locationContextEnabled: true, mobileEmulationEnabled: false, nativeEvents: true, networkConnectionEnabled: false, pageLoadStrategy: normal, platform: XP, platformName: XP, rotatable: false, setWindowRect: true, takesHeapSnapshot: true, takesScreenshot: true, unexpectedAlertBehaviour: , unhandledPromptBehavior: , version: 62.0.3202.89, webStorageEnabled: true}
Session ID: abb9c5b841079387b49c5059bf5ac343">
      <![CDATA[org.openqa.selenium.WebDriverException: unknown error: Element <button type="button" class="btn-secondary btn-action t-select-btn" data-test-id="select-button" data-bargain-fare="false" data-click-handler="select-flight,omnitureClickHandler" data-prevent-expand="true" data-omniture-rfrr="Select.Offer8.BestValue" data-trip-id="2018-04-01t06:30:00-07:00-coach-las-lax-ua-324;2018-05-01t22:40:00-07:00-coach-lax-las-aa-354;" data-offer-index="" data-has-fare="true" data-leg-indexes="4,5" data-superlatives="BV,ST" data-outbound-airlinecodes="UA" data-inbound-airlinecodes="" data-is-cached="false" data-result-token="v5-db0dd6c946551da7bb2edf8b255243a5" data-air-provider-id="2" data-flight-fare-type-code="P" data-flight-fare-type-value="1" data-is-split-ticket="true" data-discount="0" data-is-packageable="true" data-leg0-natural-key="633696b176c91264cbf6271d24915fc6">...</button> is not clickable at point (957, 573). Other element would receive the click: <div class="flex-area-primary">...</div>
  (Session info: chrome=62.0.3202.89)
  (Driver info: chromedriver=2.33.506120 (e3e53437346286c0bc2d2dc9aa4915ba81d9023f),platform=Windows NT 10.0.16299 x86_64) (WARNING: The server did not provide any stacktrace information)
Command duration or timeout: 0 milliseconds
Build info: version: '3.7.1', revision: '8a0099a', time: '2017-11-06T21:01:39.354Z'
System info: host: 'MX-IT00714', ip: '10.230.10.60', os.name: 'Windows 10', os.arch: 'amd64', os.version: '10.0', java.version: '1.8.0_151'
Driver info: org.openqa.selenium.chrome.ChromeDriver
Capabilities {acceptSslCerts: true, applicationCacheEnabled: false, browserConnectionEnabled: false, browserName: chrome, chrome: {chromedriverVersion: 2.33.506120 (e3e53437346286..., userDataDir: C:\Users\JOSE~1.COL\AppData...}, cssSelectorsEnabled: true, databaseEnabled: false, handlesAlerts: true, hasTouchScreen: false, javascriptEnabled: true, locationContextEnabled: true, mobileEmulationEnabled: false, nativeEvents: true, networkConnectionEnabled: false, pageLoadStrategy: normal, platform: XP, platformName: XP, rotatable: false, setWindowRect: true, takesHeapSnapshot: true, takesScreenshot: true, unexpectedAlertBehaviour: , unhandledPromptBehavior: , version: 62.0.3202.89, webStorageEnabled: true}
Session ID: abb9c5b841079387b49c5059bf5ac343
	at org.openqa.selenium.remote.ErrorHandler.createThrowable(ErrorHandler.java:214)
	at org.openqa.selenium.remote.ErrorHandler.throwIfResponseFailed(ErrorHandler.java:166)
	at org.openqa.selenium.remote.http.JsonHttpResponseCodec.reconstructValue(JsonHttpResponseCodec.java:40)
	at org.openqa.selenium.remote.http.AbstractHttpResponseCodec.decode(AbstractHttpResponseCodec.java:80)
	at org.openqa.selenium.remote.http.AbstractHttpResponseCodec.decode(AbstractHttpResponseCodec.java:44)
	at org.openqa.selenium.remote.HttpCommandExecutor.execute(HttpCommandExecutor.java:164)
	at org.openqa.selenium.remote.service.DriverCommandExecutor.execute(DriverCommandExecutor.java:83)
	at org.openqa.selenium.remote.RemoteWebDriver.execute(RemoteWebDriver.java:600)
	at org.openqa.selenium.remote.RemoteWebElement.execute(RemoteWebElement.java:279)
	at org.openqa.selenium.remote.RemoteWebElement.click(RemoteWebElement.java:83)
	at org.openqa.selenium.support.pagefactory.internal.LocatingElementHandler.invoke(LocatingElementHandler.java:51)
	at com.sun.proxy.$Proxy10.click(Unknown Source)
	at com.globantu.automation.jose_colin.Page2.inicio(Page2.java:62)
	at com.globantu.automation.jose_colin.TestTravelocity.testMenu(TestTravelocity.java:18)
... Removed 33 stack frames]]>
    </failure>
  </testcase> <!-- testMenu -->
</testsuite> <!-- my first test -->
