<?xml version="1.0" encoding="UTF-8"?>
<testng-results skipped="0" failed="0" ignored="0" total="1" passed="1">
  <reporter-output>
  </reporter-output>
  <suite name="My test suite" duration-ms="53485" started-at="2017-11-16T22:45:38Z" finished-at="2017-11-16T22:46:31Z">
    <groups>
    </groups>
    <test name="my first test" duration-ms="53485" started-at="2017-11-16T22:45:38Z" finished-at="2017-11-16T22:46:31Z">
      <class name="com.globantu.automation.jose_colin.TestTravelocity">
        <test-method status="PASS" signature="beforeSuite(java.lang.String)[pri:0, instance:com.globantu.automation.jose_colin.TestTravelocity@4cc0edeb]" name="beforeSuite" is-config="true" duration-ms="10046" started-at="2017-11-16T16:45:38Z" finished-at="2017-11-16T16:45:48Z">
          <params>
            <param index="0">
              <value>
                <![CDATA[chrome]]>
              </value>
            </param>
          </params>
          <reporter-output>
          </reporter-output>
        </test-method> <!-- beforeSuite -->
        <test-method status="PASS" signature="testMenu()[pri:0, instance:com.globantu.automation.jose_colin.TestTravelocity@4cc0edeb]" name="testMenu" duration-ms="42590" started-at="2017-11-16T16:45:48Z" finished-at="2017-11-16T16:46:30Z">
          <reporter-output>
          </reporter-output>
        </test-method> <!-- testMenu -->
        <test-method status="PASS" signature="afterSuite()[pri:0, instance:com.globantu.automation.jose_colin.TestTravelocity@4cc0edeb]" name="afterSuite" is-config="true" duration-ms="836" started-at="2017-11-16T16:46:30Z" finished-at="2017-11-16T16:46:31Z">
          <reporter-output>
          </reporter-output>
        </test-method> <!-- afterSuite -->
      </class> <!-- com.globantu.automation.jose_colin.TestTravelocity -->
    </test> <!-- my first test -->
  </suite> <!-- My test suite -->
</testng-results>
